0 verbose cli /Users/darius/.nvm/versions/node/v21.6.1/bin/node /Users/darius/.nvm/versions/node/v21.6.1/bin/npm
1 info using npm@10.2.4
2 info using node@v21.6.1
3 timing npm:load:whichnode Completed in 1ms
4 timing config:load:defaults Completed in 1ms
5 timing config:load:file:/Users/darius/.nvm/versions/node/v21.6.1/lib/node_modules/npm/npmrc Completed in 0ms
6 timing config:load:builtin Completed in 0ms
7 timing config:load:cli Completed in 1ms
8 timing config:load:env Completed in 1ms
9 timing config:load:file:/Users/darius/Desktop/项目/Photo Optimizer/infra/.npmrc Completed in 0ms
10 timing config:load:project Completed in 0ms
11 timing config:load:file:/Users/darius/Desktop/项目/Photo Optimizer/.npm-home/.npmrc Completed in 0ms
12 timing config:load:user Completed in 0ms
13 timing config:load:file:/Users/darius/.nvm/versions/node/v21.6.1/etc/npmrc Completed in 0ms
14 timing config:load:global Completed in 0ms
15 timing config:load:setEnvs Completed in 0ms
16 timing config:load Completed in 4ms
17 timing npm:load:configload Completed in 4ms
18 timing config:load:flatten Completed in 1ms
19 timing npm:load:mkdirpcache Completed in 1ms
20 timing npm:load:mkdirplogs Completed in 3ms
21 verbose title npm install
22 verbose argv "install" "--no-fund" "--no-audit"
23 timing npm:load:setTitle Completed in 7ms
24 timing npm:load:display Completed in 0ms
25 verbose logfile logs-max:10 dir:/Users/darius/Desktop/项目/Photo Optimizer/.npm-home/.npm/_logs/2025-12-28T22_07_47_708Z-
26 verbose logfile /Users/darius/Desktop/项目/Photo Optimizer/.npm-home/.npm/_logs/2025-12-28T22_07_47_708Z-debug-0.log
27 timing npm:load:logFile Completed in 6ms
28 timing npm:load:timers Completed in 0ms
29 timing npm:load:configScope Completed in 0ms
30 timing npm:load Completed in 29ms
31 timing arborist:ctor Completed in 0ms
32 silly logfile done cleaning log files
33 timing arborist:ctor Completed in 0ms
34 timing idealTree:init Completed in 5ms
35 timing idealTree:userRequests Completed in 0ms
36 silly idealTree buildDeps
37 silly fetch manifest @eslint/js@^9.0.0
38 http fetch GET 200 https://registry.npmjs.org/@eslint%2fjs 6ms (cache hit)
39 silly fetch manifest aws-cdk@^2.161.1
40 http fetch GET 200 https://registry.npmjs.org/aws-cdk 290ms (cache miss)
41 silly fetch manifest aws-cdk-lib@^2.161.1
42 http fetch GET 200 https://registry.npmjs.org/aws-cdk-lib 235ms (cache miss)
43 silly fetch manifest constructs@^10.3.0
44 http fetch GET 200 https://registry.npmjs.org/constructs 550ms (cache miss)
45 silly fetch manifest eslint@^9.0.0
46 http fetch GET 200 https://registry.npmjs.org/eslint 8ms (cache hit)
47 silly fetch manifest jiti@*
48 http fetch GET 200 https://registry.npmjs.org/jiti 2ms (cache hit)
49 silly fetch manifest eslint-config-prettier@^9.0.0
50 http fetch GET 200 https://registry.npmjs.org/eslint-config-prettier 2ms (cache hit)
51 silly fetch manifest globals@^15.0.0
52 http fetch GET 200 https://registry.npmjs.org/globals 2ms (cache hit)
53 silly fetch manifest prettier@^3.0.0
54 http fetch GET 200 https://registry.npmjs.org/prettier 3ms (cache hit)
55 silly fetch manifest ts-node@^10.9.2
56 http fetch GET 200 https://registry.npmjs.org/ts-node 130ms (cache miss)
57 silly fetch manifest @swc/core@>=1.2.50
58 http fetch GET 200 https://registry.npmjs.org/@swc%2fcore 334ms (cache miss)
59 silly fetch manifest @swc/helpers@>=0.5.17
60 http fetch GET 200 https://registry.npmjs.org/@swc%2fhelpers 54ms (cache miss)
61 silly fetch manifest @swc/wasm@>=1.2.50
62 http fetch GET 200 https://registry.npmjs.org/@swc%2fwasm 140ms (cache miss)
63 silly fetch manifest @types/node@*
64 http fetch GET 200 https://registry.npmjs.org/@types%2fnode 6ms (cache hit)
65 silly fetch manifest typescript@^5.6.3
66 http fetch GET 200 https://registry.npmjs.org/typescript 15ms (cache hit)
67 silly fetch manifest typescript-eslint@^8.0.0
68 http fetch GET 200 https://registry.npmjs.org/typescript-eslint 7ms (cache hit)
69 silly placeDep ROOT @eslint/js@9.39.2 OK for: colorsnap-infra@0.1.0 want: ^9.0.0
70 silly placeDep ROOT aws-cdk@2.1100.1 OK for: colorsnap-infra@0.1.0 want: ^2.161.1
71 silly fetch manifest fsevents@2.3.2
72 silly placeDep ROOT aws-cdk-lib@2.233.0 OK for: colorsnap-infra@0.1.0 want: ^2.161.1
73 silly placeDep ROOT constructs@10.4.4 OK for: aws-cdk-lib@2.233.0 want: ^10.0.0
74 silly fetch manifest @aws-cdk/asset-awscli-v1@2.2.242
75 silly fetch manifest @aws-cdk/asset-node-proxy-agent-v6@^2.1.0
76 silly fetch manifest @aws-cdk/cloud-assembly-schema@^48.20.0
77 silly placeDep ROOT eslint@9.39.2 OK for: colorsnap-infra@0.1.0 want: ^9.0.0
78 silly fetch manifest @eslint-community/eslint-utils@^4.8.0
79 silly fetch manifest @eslint-community/regexpp@^4.12.1
80 silly fetch manifest @eslint/config-array@^0.21.1
81 silly fetch manifest @eslint/config-helpers@^0.4.2
82 silly fetch manifest @eslint/core@^0.17.0
83 silly fetch manifest @eslint/eslintrc@^3.3.1
84 silly fetch manifest @eslint/plugin-kit@^0.4.1
85 silly fetch manifest @humanfs/node@^0.16.6
86 silly fetch manifest @humanwhocodes/module-importer@^1.0.1
87 silly fetch manifest @humanwhocodes/retry@^0.4.2
88 silly fetch manifest @types/estree@^1.0.6
89 silly fetch manifest ajv@^6.12.4
90 silly fetch manifest chalk@^4.0.0
91 silly fetch manifest cross-spawn@^7.0.6
92 silly fetch manifest debug@^4.3.2
93 silly fetch manifest escape-string-regexp@^4.0.0
94 silly fetch manifest eslint-scope@^8.4.0
95 silly fetch manifest eslint-visitor-keys@^4.2.1
96 silly fetch manifest espree@^10.4.0
97 silly fetch manifest esquery@^1.5.0
98 silly fetch manifest esutils@^2.0.2
99 silly fetch manifest fast-deep-equal@^3.1.3
100 silly fetch manifest file-entry-cache@^8.0.0
101 silly fetch manifest find-up@^5.0.0
102 silly fetch manifest glob-parent@^6.0.2
103 silly fetch manifest ignore@^5.2.0
104 silly fetch manifest imurmurhash@^0.1.4
105 silly fetch manifest is-glob@^4.0.0
106 silly fetch manifest json-stable-stringify-without-jsonify@^1.0.1
107 silly fetch manifest lodash.merge@^4.6.2
108 silly fetch manifest minimatch@^3.1.2
109 silly fetch manifest natural-compare@^1.4.0
110 silly fetch manifest optionator@^0.9.3
111 silly placeDep ROOT eslint-config-prettier@9.1.2 OK for: colorsnap-infra@0.1.0 want: ^9.0.0
112 silly placeDep ROOT globals@15.15.0 OK for: colorsnap-infra@0.1.0 want: ^15.0.0
113 silly placeDep ROOT prettier@3.7.4 OK for: colorsnap-infra@0.1.0 want: ^3.0.0
114 silly placeDep ROOT ts-node@10.9.2 OK for: colorsnap-infra@0.1.0 want: ^10.9.2
115 silly placeDep ROOT typescript@5.9.3 OK for: ts-node@10.9.2 want: >=2.7
116 silly placeDep ROOT @types/node@25.0.3 OK for: ts-node@10.9.2 want: *
117 silly fetch manifest yn@3.1.1
118 silly fetch manifest arg@^4.1.0
119 silly fetch manifest diff@^4.0.1
120 silly fetch manifest acorn@^8.4.1
121 silly fetch manifest acorn-walk@^8.1.1
122 silly fetch manifest make-error@^1.1.1
123 silly fetch manifest create-require@^1.1.0
124 silly fetch manifest @tsconfig/node10@^1.0.7
125 silly fetch manifest @tsconfig/node12@^1.0.7
126 silly fetch manifest @tsconfig/node14@^1.0.0
127 silly fetch manifest @tsconfig/node16@^1.0.2
128 silly fetch manifest v8-compile-cache-lib@^3.0.1
129 silly fetch manifest @cspotcode/source-map-support@^0.8.0
130 silly fetch manifest undici-types@~7.16.0
131 silly placeDep ROOT typescript-eslint@8.50.1 OK for: colorsnap-infra@0.1.0 want: ^8.0.0
132 silly fetch manifest @typescript-eslint/utils@8.50.1
133 silly fetch manifest @typescript-eslint/parser@8.50.1
134 silly fetch manifest @typescript-eslint/eslint-plugin@8.50.1
135 silly fetch manifest @typescript-eslint/typescript-estree@8.50.1
136 http fetch GET 200 https://registry.npmjs.org/@eslint%2fcore 32ms (cache hit)
137 http fetch GET 200 https://registry.npmjs.org/@eslint-community%2feslint-utils 33ms (cache hit)
138 http fetch GET 200 https://registry.npmjs.org/@eslint-community%2fregexpp 33ms (cache hit)
139 http fetch GET 200 https://registry.npmjs.org/@eslint%2fconfig-array 33ms (cache hit)
140 http fetch GET 200 https://registry.npmjs.org/@eslint%2fconfig-helpers 33ms (cache hit)
141 http fetch GET 200 https://registry.npmjs.org/@eslint%2feslintrc 34ms (cache hit)
142 http fetch GET 200 https://registry.npmjs.org/@eslint%2fplugin-kit 34ms (cache hit)
143 http fetch GET 200 https://registry.npmjs.org/@humanwhocodes%2fretry 37ms (cache hit)
144 http fetch GET 200 https://registry.npmjs.org/eslint-visitor-keys 36ms (cache hit)
145 http fetch GET 200 https://registry.npmjs.org/fsevents 40ms (cache hit)
146 http fetch GET 200 https://registry.npmjs.org/ajv 40ms (cache hit)
147 http fetch GET 200 https://registry.npmjs.org/@humanwhocodes%2fmodule-importer 43ms (cache hit)
148 http fetch GET 200 https://registry.npmjs.org/escape-string-regexp 42ms (cache hit)
149 http fetch GET 200 https://registry.npmjs.org/@humanfs%2fnode 43ms (cache hit)
150 http fetch GET 200 https://registry.npmjs.org/debug 42ms (cache hit)
151 http fetch GET 200 https://registry.npmjs.org/cross-spawn 43ms (cache hit)
152 http fetch GET 200 https://registry.npmjs.org/espree 43ms (cache hit)
153 http fetch GET 200 https://registry.npmjs.org/chalk 45ms (cache hit)
154 http fetch GET 200 https://registry.npmjs.org/ignore 44ms (cache hit)
155 http fetch GET 200 https://registry.npmjs.org/imurmurhash 45ms (cache hit)
156 http fetch GET 200 https://registry.npmjs.org/esutils 45ms (cache hit)
157 http fetch GET 200 https://registry.npmjs.org/esquery 45ms (cache hit)
158 http fetch GET 200 https://registry.npmjs.org/file-entry-cache 45ms (cache hit)
159 http fetch GET 200 https://registry.npmjs.org/undici-types 42ms (cache hit)
160 http fetch GET 200 https://registry.npmjs.org/glob-parent 46ms (cache hit)
161 http fetch GET 200 https://registry.npmjs.org/eslint-scope 46ms (cache hit)
162 http fetch GET 200 https://registry.npmjs.org/minimatch 46ms (cache hit)
163 http fetch GET 200 https://registry.npmjs.org/optionator 47ms (cache hit)
164 http fetch GET 200 https://registry.npmjs.org/@typescript-eslint%2futils 46ms (cache hit)
165 http fetch GET 200 https://registry.npmjs.org/json-stable-stringify-without-jsonify 60ms (cache hit)
166 http fetch GET 200 https://registry.npmjs.org/fast-deep-equal 62ms (cache hit)
167 http fetch GET 200 https://registry.npmjs.org/@types%2festree 63ms (cache hit)
168 http fetch GET 200 https://registry.npmjs.org/@typescript-eslint%2fparser 62ms (cache hit)
169 http fetch GET 200 https://registry.npmjs.org/@typescript-eslint%2ftypescript-estree 96ms (cache hit)
170 http fetch GET 200 https://registry.npmjs.org/is-glob 121ms (cache hit)
171 http fetch GET 200 https://registry.npmjs.org/lodash.merge 122ms (cache hit)
172 http fetch GET 200 https://registry.npmjs.org/find-up 123ms (cache hit)
173 http fetch GET 200 https://registry.npmjs.org/natural-compare 129ms (cache hit)
174 http fetch GET 200 https://registry.npmjs.org/acorn 127ms (cache hit)
175 http fetch GET 200 https://registry.npmjs.org/@typescript-eslint%2feslint-plugin 137ms (cache hit)
176 http fetch GET 200 https://registry.npmjs.org/yn 222ms (cache miss)
177 http fetch GET 200 https://registry.npmjs.org/make-error 222ms (cache miss)
178 http fetch GET 200 https://registry.npmjs.org/arg 233ms (cache miss)
179 http fetch GET 200 https://registry.npmjs.org/create-require 238ms (cache miss)
180 http fetch GET 200 https://registry.npmjs.org/@tsconfig%2fnode12 239ms (cache miss)
181 http fetch GET 200 https://registry.npmjs.org/@tsconfig%2fnode14 241ms (cache miss)
182 http fetch GET 200 https://registry.npmjs.org/@tsconfig%2fnode10 245ms (cache miss)
183 http fetch GET 200 https://registry.npmjs.org/diff 252ms (cache miss)
184 http fetch GET 200 https://registry.npmjs.org/@cspotcode%2fsource-map-support 263ms (cache miss)
185 http fetch GET 200 https://registry.npmjs.org/v8-compile-cache-lib 281ms (cache miss)
186 http fetch GET 200 https://registry.npmjs.org/acorn-walk 308ms (cache miss)
187 http fetch GET 200 https://registry.npmjs.org/@tsconfig%2fnode16 332ms (cache miss)
188 http fetch GET 200 https://registry.npmjs.org/@aws-cdk%2fasset-awscli-v1 346ms (cache miss)
189 http fetch GET 200 https://registry.npmjs.org/@aws-cdk%2fcloud-assembly-schema 463ms (cache miss)
190 http fetch GET 200 https://registry.npmjs.org/@aws-cdk%2fasset-node-proxy-agent-v6 468ms (cache miss)
191 timing idealTree:#root Completed in 2373ms
192 timing idealTree:node_modules/@eslint/js Completed in 0ms
193 silly placeDep ROOT undici-types@7.16.0 OK for: @types/node@25.0.3 want: ~7.16.0
194 timing idealTree:node_modules/@types/node Completed in 1ms
195 silly placeDep ROOT fsevents@2.3.2 OK for: aws-cdk@2.1100.1 want: 2.3.2
196 timing idealTree:node_modules/aws-cdk Completed in 0ms
197 silly placeDep ROOT @aws-cdk/asset-awscli-v1@2.2.242 OK for: aws-cdk-lib@2.233.0 want: 2.2.242
198 silly placeDep ROOT @aws-cdk/asset-node-proxy-agent-v6@2.1.0 OK for: aws-cdk-lib@2.233.0 want: ^2.1.0
199 silly placeDep ROOT @aws-cdk/cloud-assembly-schema@48.20.0 OK for: aws-cdk-lib@2.233.0 want: ^48.20.0
200 timing idealTree:node_modules/aws-cdk-lib Completed in 2ms
201 timing idealTree:node_modules/@aws-cdk/asset-awscli-v1 Completed in 0ms
202 timing idealTree:node_modules/@aws-cdk/asset-node-proxy-agent-v6 Completed in 0ms
203 timing idealTree:node_modules/@aws-cdk/cloud-assembly-schema Completed in 0ms
204 timing idealTree:node_modules/constructs Completed in 0ms
205 silly fetch manifest eslint@^6.0.0 || ^7.0.0 || >=8.0.0
206 silly placeDep ROOT @eslint-community/eslint-utils@4.9.0 OK for: eslint@9.39.2 want: ^4.8.0
207 silly fetch manifest eslint-visitor-keys@^3.4.3
208 silly placeDep ROOT @eslint-community/regexpp@4.12.2 OK for: eslint@9.39.2 want: ^4.12.1
209 silly placeDep ROOT @eslint/config-array@0.21.1 OK for: eslint@9.39.2 want: ^0.21.1
210 silly fetch manifest debug@^4.3.1
211 silly fetch manifest @eslint/object-schema@^2.1.7
212 silly placeDep ROOT @eslint/config-helpers@0.4.2 OK for: eslint@9.39.2 want: ^0.4.2
213 silly placeDep ROOT @eslint/core@0.17.0 OK for: eslint@9.39.2 want: ^0.17.0
214 silly fetch manifest @types/json-schema@^7.0.15
215 silly placeDep ROOT @eslint/eslintrc@3.3.3 OK for: eslint@9.39.2 want: ^3.3.1
216 silly fetch manifest espree@^10.0.1
217 silly fetch manifest globals@^14.0.0
218 silly fetch manifest import-fresh@^3.2.1
219 silly fetch manifest js-yaml@^4.1.1
220 silly fetch manifest strip-json-comments@^3.1.1
221 silly placeDep ROOT @eslint/plugin-kit@0.4.1 OK for: eslint@9.39.2 want: ^0.4.1
222 silly fetch manifest levn@^0.4.1
223 silly placeDep ROOT @humanfs/node@0.16.7 OK for: eslint@9.39.2 want: ^0.16.6
224 silly fetch manifest @humanwhocodes/retry@^0.4.0
225 silly fetch manifest @humanfs/core@^0.19.1
226 silly placeDep ROOT @humanwhocodes/module-importer@1.0.1 OK for: eslint@9.39.2 want: ^1.0.1
227 silly placeDep ROOT @humanwhocodes/retry@0.4.3 OK for: eslint@9.39.2 want: ^0.4.2
228 silly placeDep ROOT @types/estree@1.0.8 OK for: eslint@9.39.2 want: ^1.0.6
229 silly placeDep ROOT ajv@6.12.6 OK for: eslint@9.39.2 want: ^6.12.4
230 silly fetch manifest uri-js@^4.2.2
231 silly fetch manifest fast-deep-equal@^3.1.1
232 silly fetch manifest json-schema-traverse@^0.4.1
233 silly fetch manifest fast-json-stable-stringify@^2.0.0
234 silly placeDep ROOT chalk@4.1.2 OK for: eslint@9.39.2 want: ^4.0.0
235 silly fetch manifest ansi-styles@^4.1.0
236 silly fetch manifest supports-color@^7.1.0
237 silly placeDep ROOT cross-spawn@7.0.6 OK for: eslint@9.39.2 want: ^7.0.6
238 silly fetch manifest which@^2.0.1
239 silly fetch manifest path-key@^3.1.0
240 silly fetch manifest shebang-command@^2.0.0
241 silly placeDep ROOT debug@4.4.3 OK for: eslint@9.39.2 want: ^4.3.2
242 silly fetch manifest ms@^2.1.3
243 silly placeDep ROOT escape-string-regexp@4.0.0 OK for: eslint@9.39.2 want: ^4.0.0
244 silly placeDep ROOT eslint-scope@8.4.0 OK for: eslint@9.39.2 want: ^8.4.0
245 silly fetch manifest esrecurse@^4.3.0
246 silly fetch manifest estraverse@^5.2.0
247 silly placeDep ROOT eslint-visitor-keys@4.2.1 OK for: eslint@9.39.2 want: ^4.2.1
248 silly placeDep ROOT espree@10.4.0 OK for: eslint@9.39.2 want: ^10.4.0
249 silly fetch manifest acorn@^8.15.0
250 silly fetch manifest acorn-jsx@^5.3.2
251 silly placeDep ROOT esquery@1.6.0 OK for: eslint@9.39.2 want: ^1.5.0
252 silly fetch manifest estraverse@^5.1.0
253 silly placeDep ROOT esutils@2.0.3 OK for: eslint@9.39.2 want: ^2.0.2
254 silly placeDep ROOT fast-deep-equal@3.1.3 OK for: eslint@9.39.2 want: ^3.1.3
255 silly placeDep ROOT file-entry-cache@8.0.0 OK for: eslint@9.39.2 want: ^8.0.0
256 silly fetch manifest flat-cache@^4.0.0
257 silly placeDep ROOT find-up@5.0.0 OK for: eslint@9.39.2 want: ^5.0.0
258 silly fetch manifest locate-path@^6.0.0
259 silly fetch manifest path-exists@^4.0.0
260 silly placeDep ROOT glob-parent@6.0.2 OK for: eslint@9.39.2 want: ^6.0.2
261 silly fetch manifest is-glob@^4.0.3
262 silly placeDep ROOT ignore@5.3.2 OK for: eslint@9.39.2 want: ^5.2.0
263 silly placeDep ROOT imurmurhash@0.1.4 OK for: eslint@9.39.2 want: ^0.1.4
264 silly placeDep ROOT is-glob@4.0.3 OK for: eslint@9.39.2 want: ^4.0.0
265 silly fetch manifest is-extglob@^2.1.1
266 silly placeDep ROOT json-stable-stringify-without-jsonify@1.0.1 OK for: eslint@9.39.2 want: ^1.0.1
267 silly placeDep ROOT lodash.merge@4.6.2 OK for: eslint@9.39.2 want: ^4.6.2
268 silly placeDep ROOT minimatch@3.1.2 OK for: eslint@9.39.2 want: ^3.1.2
269 silly fetch manifest brace-expansion@^1.1.7
270 silly placeDep ROOT natural-compare@1.4.0 OK for: eslint@9.39.2 want: ^1.4.0
271 silly placeDep ROOT optionator@0.9.4 OK for: eslint@9.39.2 want: ^0.9.3
272 silly fetch manifest prelude-ls@^1.2.1
273 silly fetch manifest deep-is@^0.1.3
274 silly fetch manifest word-wrap@^1.2.5
275 silly fetch manifest type-check@^0.4.0
276 silly fetch manifest fast-levenshtein@^2.0.6
277 http fetch GET 200 https://registry.npmjs.org/@eslint%2fobject-schema 35ms (cache hit)
278 http fetch GET 200 https://registry.npmjs.org/strip-json-comments 33ms (cache hit)
279 http fetch GET 200 https://registry.npmjs.org/levn 33ms (cache hit)
280 http fetch GET 200 https://registry.npmjs.org/js-yaml 34ms (cache hit)
281 http fetch GET 200 https://registry.npmjs.org/ansi-styles 31ms (cache hit)
282 http fetch GET 200 https://registry.npmjs.org/json-schema-traverse 33ms (cache hit)
283 http fetch GET 200 https://registry.npmjs.org/supports-color 31ms (cache hit)
284 http fetch GET 200 https://registry.npmjs.org/@types%2fjson-schema 37ms (cache hit)
285 http fetch GET 200 https://registry.npmjs.org/ms 31ms (cache hit)
286 http fetch GET 200 https://registry.npmjs.org/shebang-command 32ms (cache hit)
287 http fetch GET 200 https://registry.npmjs.org/@humanfs%2fcore 35ms (cache hit)
288 http fetch GET 200 https://registry.npmjs.org/path-key 32ms (cache hit)
289 http fetch GET 200 https://registry.npmjs.org/import-fresh 36ms (cache hit)
290 http fetch GET 200 https://registry.npmjs.org/estraverse 29ms (cache hit)
291 http fetch GET 200 https://registry.npmjs.org/estraverse 32ms (cache hit)
292 http fetch GET 200 https://registry.npmjs.org/esrecurse 32ms (cache hit)
293 http fetch GET 200 https://registry.npmjs.org/uri-js 35ms (cache hit)
294 http fetch GET 200 https://registry.npmjs.org/brace-expansion 25ms (cache hit)
295 http fetch GET 200 https://registry.npmjs.org/acorn-jsx 32ms (cache hit)
296 http fetch GET 200 https://registry.npmjs.org/word-wrap 26ms (cache hit)
297 http fetch GET 200 https://registry.npmjs.org/is-extglob 27ms (cache hit)
298 http fetch GET 200 https://registry.npmjs.org/deep-is 26ms (cache hit)
299 http fetch GET 200 https://registry.npmjs.org/which 34ms (cache hit)
300 http fetch GET 200 https://registry.npmjs.org/prelude-ls 27ms (cache hit)
301 http fetch GET 200 https://registry.npmjs.org/path-exists 30ms (cache hit)
302 http fetch GET 200 https://registry.npmjs.org/fast-json-stable-stringify 36ms (cache hit)
303 http fetch GET 200 https://registry.npmjs.org/flat-cache 31ms (cache hit)
304 http fetch GET 200 https://registry.npmjs.org/fast-levenshtein 27ms (cache hit)
305 http fetch GET 200 https://registry.npmjs.org/locate-path 31ms (cache hit)
306 http fetch GET 200 https://registry.npmjs.org/type-check 28ms (cache hit)
307 timing idealTree:node_modules/eslint Completed in 49ms
308 silly placeDep node_modules/@eslint-community/eslint-utils eslint-visitor-keys@3.4.3 OK for: @eslint-community/eslint-utils@4.9.0 want: ^3.4.3
309 timing idealTree:node_modules/@eslint-community/eslint-utils Completed in 1ms
310 timing idealTree:node_modules/@eslint-community/regexpp Completed in 0ms
311 silly placeDep ROOT @eslint/object-schema@2.1.7 OK for: @eslint/config-array@0.21.1 want: ^2.1.7
312 timing idealTree:node_modules/@eslint/config-array Completed in 1ms
313 timing idealTree:node_modules/@eslint/config-helpers Completed in 0ms
314 silly placeDep ROOT @types/json-schema@7.0.15 OK for: @eslint/core@0.17.0 want: ^7.0.15
315 timing idealTree:node_modules/@eslint/core Completed in 0ms
316 silly placeDep node_modules/@eslint/eslintrc globals@14.0.0 OK for: @eslint/eslintrc@3.3.3 want: ^14.0.0
317 silly placeDep ROOT import-fresh@3.3.1 OK for: @eslint/eslintrc@3.3.3 want: ^3.2.1
318 silly fetch manifest parent-module@^1.0.0
319 silly fetch manifest resolve-from@^4.0.0
320 silly placeDep ROOT js-yaml@4.1.1 OK for: @eslint/eslintrc@3.3.3 want: ^4.1.1
321 silly fetch manifest argparse@^2.0.1
322 silly placeDep ROOT strip-json-comments@3.1.1 OK for: @eslint/eslintrc@3.3.3 want: ^3.1.1
323 http fetch GET 200 https://registry.npmjs.org/resolve-from 4ms (cache hit)
324 http fetch GET 200 https://registry.npmjs.org/parent-module 4ms (cache hit)
325 http fetch GET 200 https://registry.npmjs.org/argparse 4ms (cache hit)
326 timing idealTree:node_modules/@eslint/eslintrc Completed in 5ms
327 timing idealTree:node_modules/@eslint/object-schema Completed in 0ms
328 silly placeDep ROOT levn@0.4.1 OK for: @eslint/plugin-kit@0.4.1 want: ^0.4.1
329 silly fetch manifest type-check@~0.4.0
330 timing idealTree:node_modules/@eslint/plugin-kit Completed in 1ms
331 silly placeDep ROOT @humanfs/core@0.19.1 OK for: @humanfs/node@0.16.7 want: ^0.19.1
332 timing idealTree:node_modules/@humanfs/node Completed in 0ms
333 timing idealTree:node_modules/@humanfs/core Completed in 0ms
334 timing idealTree:node_modules/@humanwhocodes/module-importer Completed in 0ms
335 timing idealTree:node_modules/@humanwhocodes/retry Completed in 0ms
336 timing idealTree:node_modules/@types/estree Completed in 0ms
337 timing idealTree:node_modules/@types/json-schema Completed in 0ms
338 silly placeDep ROOT fast-json-stable-stringify@2.1.0 OK for: ajv@6.12.6 want: ^2.0.0
339 silly placeDep ROOT json-schema-traverse@0.4.1 OK for: ajv@6.12.6 want: ^0.4.1
340 silly placeDep ROOT uri-js@4.4.1 OK for: ajv@6.12.6 want: ^4.2.2
341 silly fetch manifest punycode@^2.1.0
342 http fetch GET 200 https://registry.npmjs.org/punycode 1ms (cache hit)
343 timing idealTree:node_modules/ajv Completed in 2ms
344 silly placeDep ROOT ansi-styles@4.3.0 OK for: chalk@4.1.2 want: ^4.1.0
345 silly fetch manifest color-convert@^2.0.1
346 silly placeDep ROOT supports-color@7.2.0 OK for: chalk@4.1.2 want: ^7.1.0
347 silly fetch manifest has-flag@^4.0.0
348 http fetch GET 200 https://registry.npmjs.org/has-flag 2ms (cache hit)
349 http fetch GET 200 https://registry.npmjs.org/color-convert 2ms (cache hit)
350 timing idealTree:node_modules/chalk Completed in 3ms
351 silly placeDep ROOT color-convert@2.0.1 OK for: ansi-styles@4.3.0 want: ^2.0.1
352 silly fetch manifest color-name@~1.1.4
353 http fetch GET 200 https://registry.npmjs.org/color-name 0ms (cache hit)
354 timing idealTree:node_modules/ansi-styles Completed in 2ms
355 silly placeDep ROOT color-name@1.1.4 OK for: color-convert@2.0.1 want: ~1.1.4
356 timing idealTree:node_modules/color-convert Completed in 0ms
357 timing idealTree:node_modules/color-name Completed in 0ms
358 silly placeDep ROOT path-key@3.1.1 OK for: cross-spawn@7.0.6 want: ^3.1.0
359 silly placeDep ROOT shebang-command@2.0.0 OK for: cross-spawn@7.0.6 want: ^2.0.0
360 silly fetch manifest shebang-regex@^3.0.0
361 silly placeDep ROOT which@2.0.2 OK for: cross-spawn@7.0.6 want: ^2.0.1
362 silly fetch manifest isexe@^2.0.0
363 http fetch GET 200 https://registry.npmjs.org/shebang-regex 1ms (cache hit)
364 http fetch GET 200 https://registry.npmjs.org/isexe 1ms (cache hit)
365 timing idealTree:node_modules/cross-spawn Completed in 3ms
366 silly placeDep ROOT ms@2.1.3 OK for: debug@4.4.3 want: ^2.1.3
367 timing idealTree:node_modules/debug Completed in 0ms
368 timing idealTree:node_modules/escape-string-regexp Completed in 0ms
369 timing idealTree:node_modules/eslint-config-prettier Completed in 0ms
370 silly placeDep ROOT esrecurse@4.3.0 OK for: eslint-scope@8.4.0 want: ^4.3.0
371 silly placeDep ROOT estraverse@5.3.0 OK for: eslint-scope@8.4.0 want: ^5.2.0
372 timing idealTree:node_modules/eslint-scope Completed in 1ms
373 timing idealTree:node_modules/eslint-visitor-keys Completed in 0ms
374 silly placeDep ROOT acorn@8.15.0 OK for: espree@10.4.0 want: ^8.15.0
375 silly placeDep ROOT acorn-jsx@5.3.2 OK for: espree@10.4.0 want: ^5.3.2
376 timing idealTree:node_modules/espree Completed in 1ms
377 timing idealTree:node_modules/acorn Completed in 0ms
378 timing idealTree:node_modules/acorn-jsx Completed in 0ms
379 timing idealTree:node_modules/esquery Completed in 0ms
380 timing idealTree:node_modules/esrecurse Completed in 0ms
381 timing idealTree:node_modules/estraverse Completed in 0ms
382 timing idealTree:node_modules/esutils Completed in 0ms
383 timing idealTree:node_modules/fast-deep-equal Completed in 0ms
384 timing idealTree:node_modules/fast-json-stable-stringify Completed in 0ms
385 silly placeDep ROOT flat-cache@4.0.1 OK for: file-entry-cache@8.0.0 want: ^4.0.0
386 silly fetch manifest keyv@^4.5.4
387 silly fetch manifest flatted@^3.2.9
388 http fetch GET 200 https://registry.npmjs.org/keyv 2ms (cache hit)
389 http fetch GET 200 https://registry.npmjs.org/flatted 3ms (cache hit)
390 timing idealTree:node_modules/file-entry-cache Completed in 3ms
391 silly placeDep ROOT locate-path@6.0.0 OK for: find-up@5.0.0 want: ^6.0.0
392 silly fetch manifest p-locate@^5.0.0
393 silly placeDep ROOT path-exists@4.0.0 OK for: find-up@5.0.0 want: ^4.0.0
394 http fetch GET 200 https://registry.npmjs.org/p-locate 1ms (cache hit)
395 timing idealTree:node_modules/find-up Completed in 2ms
396 silly placeDep ROOT flatted@3.3.3 OK for: flat-cache@4.0.1 want: ^3.2.9
397 silly placeDep ROOT keyv@4.5.4 OK for: flat-cache@4.0.1 want: ^4.5.4
398 silly fetch manifest json-buffer@3.0.1
399 http fetch GET 200 https://registry.npmjs.org/json-buffer 1ms (cache hit)
400 timing idealTree:node_modules/flat-cache Completed in 2ms
401 timing idealTree:node_modules/flatted Completed in 0ms
402 timing idealTree:node_modules/fsevents Completed in 0ms
403 timing idealTree:node_modules/glob-parent Completed in 0ms
404 timing idealTree:node_modules/globals Completed in 0ms
405 timing idealTree:node_modules/ignore Completed in 0ms
406 silly placeDep ROOT parent-module@1.0.1 OK for: import-fresh@3.3.1 want: ^1.0.0
407 silly fetch manifest callsites@^3.0.0
408 silly placeDep ROOT resolve-from@4.0.0 OK for: import-fresh@3.3.1 want: ^4.0.0
409 http fetch GET 200 https://registry.npmjs.org/callsites 1ms (cache hit)
410 timing idealTree:node_modules/import-fresh Completed in 2ms
411 timing idealTree:node_modules/imurmurhash Completed in 0ms
412 silly placeDep ROOT is-extglob@2.1.1 OK for: is-glob@4.0.3 want: ^2.1.1
413 timing idealTree:node_modules/is-glob Completed in 0ms
414 timing idealTree:node_modules/is-extglob Completed in 0ms
415 silly placeDep ROOT argparse@2.0.1 OK for: js-yaml@4.1.1 want: ^2.0.1
416 timing idealTree:node_modules/js-yaml Completed in 0ms
417 timing idealTree:node_modules/argparse Completed in 0ms
418 timing idealTree:node_modules/json-schema-traverse Completed in 0ms
419 timing idealTree:node_modules/json-stable-stringify-without-jsonify Completed in 0ms
420 silly placeDep ROOT json-buffer@3.0.1 OK for: keyv@4.5.4 want: 3.0.1
421 timing idealTree:node_modules/keyv Completed in 1ms
422 timing idealTree:node_modules/json-buffer Completed in 0ms
423 silly placeDep ROOT prelude-ls@1.2.1 OK for: levn@0.4.1 want: ^1.2.1
424 silly placeDep ROOT type-check@0.4.0 OK for: levn@0.4.1 want: ~0.4.0
425 timing idealTree:node_modules/levn Completed in 1ms
426 silly placeDep ROOT p-locate@5.0.0 OK for: locate-path@6.0.0 want: ^5.0.0
427 silly fetch manifest p-limit@^3.0.2
428 http fetch GET 200 https://registry.npmjs.org/p-limit 1ms (cache hit)
429 timing idealTree:node_modules/locate-path Completed in 1ms
430 timing idealTree:node_modules/lodash.merge Completed in 0ms
431 silly placeDep ROOT brace-expansion@1.1.12 OK for: minimatch@3.1.2 want: ^1.1.7
432 silly fetch manifest balanced-match@^1.0.0
433 silly fetch manifest concat-map@0.0.1
434 http fetch GET 200 https://registry.npmjs.org/concat-map 1ms (cache hit)
435 http fetch GET 200 https://registry.npmjs.org/balanced-match 1ms (cache hit)
436 timing idealTree:node_modules/minimatch Completed in 2ms
437 silly placeDep ROOT balanced-match@1.0.2 OK for: brace-expansion@1.1.12 want: ^1.0.0
438 silly placeDep ROOT concat-map@0.0.1 OK for: brace-expansion@1.1.12 want: 0.0.1
439 timing idealTree:node_modules/brace-expansion Completed in 1ms
440 timing idealTree:node_modules/balanced-match Completed in 0ms
441 timing idealTree:node_modules/concat-map Completed in 0ms
442 timing idealTree:node_modules/ms Completed in 0ms
443 timing idealTree:node_modules/natural-compare Completed in 0ms
444 silly placeDep ROOT deep-is@0.1.4 OK for: optionator@0.9.4 want: ^0.1.3
445 silly placeDep ROOT fast-levenshtein@2.0.6 OK for: optionator@0.9.4 want: ^2.0.6
446 silly placeDep ROOT word-wrap@1.2.5 OK for: optionator@0.9.4 want: ^1.2.5
447 timing idealTree:node_modules/optionator Completed in 1ms
448 timing idealTree:node_modules/deep-is Completed in 0ms
449 timing idealTree:node_modules/fast-levenshtein Completed in 0ms
450 silly placeDep ROOT p-limit@3.1.0 OK for: p-locate@5.0.0 want: ^3.0.2
451 silly fetch manifest yocto-queue@^0.1.0
452 http fetch GET 200 https://registry.npmjs.org/yocto-queue 1ms (cache hit)
453 timing idealTree:node_modules/p-locate Completed in 1ms
454 silly placeDep ROOT yocto-queue@0.1.0 OK for: p-limit@3.1.0 want: ^0.1.0
455 timing idealTree:node_modules/p-limit Completed in 1ms
456 silly placeDep ROOT callsites@3.1.0 OK for: parent-module@1.0.1 want: ^3.0.0
457 timing idealTree:node_modules/parent-module Completed in 0ms
458 timing idealTree:node_modules/callsites Completed in 0ms
459 timing idealTree:node_modules/path-exists Completed in 0ms
460 timing idealTree:node_modules/path-key Completed in 0ms
461 timing idealTree:node_modules/prelude-ls Completed in 0ms
462 timing idealTree:node_modules/prettier Completed in 0ms
463 timing idealTree:node_modules/resolve-from Completed in 0ms
464 silly placeDep ROOT shebang-regex@3.0.0 OK for: shebang-command@2.0.0 want: ^3.0.0
465 timing idealTree:node_modules/shebang-command Completed in 0ms
466 timing idealTree:node_modules/shebang-regex Completed in 0ms
467 timing idealTree:node_modules/strip-json-comments Completed in 0ms
468 silly placeDep ROOT has-flag@4.0.0 OK for: supports-color@7.2.0 want: ^4.0.0
469 timing idealTree:node_modules/supports-color Completed in 0ms
470 timing idealTree:node_modules/has-flag Completed in 0ms
471 silly placeDep ROOT @cspotcode/source-map-support@0.8.1 OK for: ts-node@10.9.2 want: ^0.8.0
472 silly fetch manifest @jridgewell/trace-mapping@0.3.9
473 silly placeDep ROOT @tsconfig/node10@1.0.12 OK for: ts-node@10.9.2 want: ^1.0.7
474 silly placeDep ROOT @tsconfig/node12@1.0.11 OK for: ts-node@10.9.2 want: ^1.0.7
475 silly placeDep ROOT @tsconfig/node14@1.0.3 OK for: ts-node@10.9.2 want: ^1.0.0
476 silly placeDep ROOT @tsconfig/node16@1.0.4 OK for: ts-node@10.9.2 want: ^1.0.2
477 silly placeDep ROOT acorn-walk@8.3.4 OK for: ts-node@10.9.2 want: ^8.1.1
478 silly placeDep ROOT arg@4.1.3 OK for: ts-node@10.9.2 want: ^4.1.0
479 silly placeDep ROOT create-require@1.1.1 OK for: ts-node@10.9.2 want: ^1.1.0
480 silly placeDep ROOT diff@4.0.2 OK for: ts-node@10.9.2 want: ^4.0.1
481 silly placeDep ROOT make-error@1.3.6 OK for: ts-node@10.9.2 want: ^1.1.1
482 silly placeDep ROOT v8-compile-cache-lib@3.0.1 OK for: ts-node@10.9.2 want: ^3.0.1
483 silly placeDep ROOT yn@3.1.1 OK for: ts-node@10.9.2 want: 3.1.1
484 http fetch GET 200 https://registry.npmjs.org/@jridgewell%2ftrace-mapping 119ms (cache miss)
485 timing idealTree:node_modules/ts-node Completed in 122ms
486 silly placeDep ROOT @jridgewell/trace-mapping@0.3.9 OK for: @cspotcode/source-map-support@0.8.1 want: 0.3.9
487 silly fetch manifest @jridgewell/resolve-uri@^3.0.3
488 silly fetch manifest @jridgewell/sourcemap-codec@^1.4.10
489 http fetch GET 200 https://registry.npmjs.org/@jridgewell%2fsourcemap-codec 65ms (cache miss)
490 http fetch GET 200 https://registry.npmjs.org/@jridgewell%2fresolve-uri 66ms (cache miss)
491 timing idealTree:node_modules/@cspotcode/source-map-support Completed in 67ms
492 silly placeDep ROOT @jridgewell/resolve-uri@3.1.2 OK for: @jridgewell/trace-mapping@0.3.9 want: ^3.0.3
493 silly placeDep ROOT @jridgewell/sourcemap-codec@1.5.5 OK for: @jridgewell/trace-mapping@0.3.9 want: ^1.4.10
494 timing idealTree:node_modules/@jridgewell/trace-mapping Completed in 0ms
495 timing idealTree:node_modules/@jridgewell/resolve-uri Completed in 0ms
496 timing idealTree:node_modules/@jridgewell/sourcemap-codec Completed in 0ms
497 timing idealTree:node_modules/@tsconfig/node10 Completed in 0ms
498 timing idealTree:node_modules/@tsconfig/node12 Completed in 0ms
499 timing idealTree:node_modules/@tsconfig/node14 Completed in 0ms
500 timing idealTree:node_modules/@tsconfig/node16 Completed in 0ms
501 timing idealTree:node_modules/acorn-walk Completed in 0ms
502 timing idealTree:node_modules/arg Completed in 0ms
503 timing idealTree:node_modules/create-require Completed in 0ms
504 timing idealTree:node_modules/diff Completed in 0ms
505 timing idealTree:node_modules/make-error Completed in 0ms
506 timing idealTree:node_modules/type-check Completed in 0ms
507 timing idealTree:node_modules/typescript Completed in 0ms
508 silly fetch manifest eslint@^8.57.0 || ^9.0.0
509 silly fetch manifest typescript@>=4.8.4 <6.0.0
510 silly placeDep ROOT @typescript-eslint/eslint-plugin@8.50.1 OK for: typescript-eslint@8.50.1 want: 8.50.1
511 silly placeDep ROOT @typescript-eslint/parser@8.50.1 OK for: @typescript-eslint/eslint-plugin@8.50.1 want: ^8.50.1
512 silly fetch manifest ignore@^7.0.0
513 silly fetch manifest ts-api-utils@^2.1.0
514 silly fetch manifest @typescript-eslint/type-utils@8.50.1
515 silly fetch manifest @typescript-eslint/visitor-keys@8.50.1
516 silly fetch manifest @typescript-eslint/scope-manager@8.50.1
517 silly fetch manifest @typescript-eslint/types@8.50.1
518 silly placeDep ROOT @typescript-eslint/typescript-estree@8.50.1 OK for: typescript-eslint@8.50.1 want: 8.50.1
519 silly fetch manifest semver@^7.6.0
520 silly fetch manifest minimatch@^9.0.4
521 silly fetch manifest tinyglobby@^0.2.15
522 silly fetch manifest @typescript-eslint/tsconfig-utils@8.50.1
523 silly fetch manifest @typescript-eslint/project-service@8.50.1
524 silly placeDep ROOT @typescript-eslint/utils@8.50.1 OK for: typescript-eslint@8.50.1 want: 8.50.1
525 http fetch GET 200 https://registry.npmjs.org/@typescript-eslint%2ftsconfig-utils 6ms (cache hit)
526 http fetch GET 200 https://registry.npmjs.org/@typescript-eslint%2ftype-utils 14ms (cache hit)
527 http fetch GET 200 https://registry.npmjs.org/tinyglobby 25ms (cache hit)
528 http fetch GET 200 https://registry.npmjs.org/semver 26ms (cache hit)
529 http fetch GET 200 https://registry.npmjs.org/@typescript-eslint%2ftypes 31ms (cache hit)
530 http fetch GET 200 https://registry.npmjs.org/@typescript-eslint%2fproject-service 42ms (cache hit)
531 http fetch GET 200 https://registry.npmjs.org/ts-api-utils 45ms (cache hit)
532 http fetch GET 200 https://registry.npmjs.org/@typescript-eslint%2fscope-manager 51ms (cache hit)
533 http fetch GET 200 https://registry.npmjs.org/@typescript-eslint%2fvisitor-keys 70ms (cache hit)
534 timing idealTree:node_modules/typescript-eslint Completed in 93ms
535 silly placeDep ROOT @typescript-eslint/scope-manager@8.50.1 OK for: @typescript-eslint/eslint-plugin@8.50.1 want: 8.50.1
536 silly placeDep ROOT @typescript-eslint/type-utils@8.50.1 OK for: @typescript-eslint/eslint-plugin@8.50.1 want: 8.50.1
537 silly placeDep ROOT @typescript-eslint/visitor-keys@8.50.1 OK for: @typescript-eslint/eslint-plugin@8.50.1 want: 8.50.1
538 silly placeDep node_modules/@typescript-eslint/eslint-plugin ignore@7.0.5 OK for: @typescript-eslint/eslint-plugin@8.50.1 want: ^7.0.0
539 silly placeDep ROOT ts-api-utils@2.3.0 OK for: @typescript-eslint/eslint-plugin@8.50.1 want: ^2.1.0
540 timing idealTree:node_modules/@typescript-eslint/eslint-plugin Completed in 5ms
541 silly placeDep ROOT @typescript-eslint/types@8.50.1 OK for: @typescript-eslint/parser@8.50.1 want: 8.50.1
542 timing idealTree:node_modules/@typescript-eslint/parser Completed in 4ms
543 timing idealTree:node_modules/@typescript-eslint/scope-manager Completed in 0ms
544 timing idealTree:node_modules/@typescript-eslint/type-utils Completed in 0ms
545 timing idealTree:node_modules/@typescript-eslint/types Completed in 0ms
546 silly placeDep ROOT @typescript-eslint/project-service@8.50.1 OK for: @typescript-eslint/typescript-estree@8.50.1 want: 8.50.1
547 silly fetch manifest @typescript-eslint/tsconfig-utils@^8.50.1
548 silly placeDep ROOT @typescript-eslint/tsconfig-utils@8.50.1 OK for: @typescript-eslint/typescript-estree@8.50.1 want: 8.50.1
549 silly placeDep node_modules/@typescript-eslint/typescript-estree minimatch@9.0.5 OK for: @typescript-eslint/typescript-estree@8.50.1 want: ^9.0.4
550 silly fetch manifest brace-expansion@^2.0.1
551 silly placeDep ROOT semver@7.7.3 OK for: @typescript-eslint/typescript-estree@8.50.1 want: ^7.6.0
552 silly placeDep ROOT tinyglobby@0.2.15 OK for: @typescript-eslint/typescript-estree@8.50.1 want: ^0.2.15
553 silly fetch manifest fdir@^6.5.0
554 silly fetch manifest picomatch@^4.0.3
555 http fetch GET 200 https://registry.npmjs.org/fdir 4ms (cache hit)
556 http fetch GET 200 https://registry.npmjs.org/picomatch 5ms (cache hit)
557 timing idealTree:node_modules/@typescript-eslint/typescript-estree Completed in 8ms
558 timing idealTree:node_modules/@typescript-eslint/project-service Completed in 0ms
559 timing idealTree:node_modules/@typescript-eslint/tsconfig-utils Completed in 0ms
560 timing idealTree:node_modules/@typescript-eslint/utils Completed in 0ms
561 timing idealTree:node_modules/@typescript-eslint/visitor-keys Completed in 0ms
562 timing idealTree:node_modules/semver Completed in 0ms
563 silly placeDep ROOT fdir@6.5.0 OK for: tinyglobby@0.2.15 want: ^6.5.0
564 silly placeDep ROOT picomatch@4.0.3 OK for: tinyglobby@0.2.15 want: ^4.0.3
565 timing idealTree:node_modules/tinyglobby Completed in 1ms
566 timing idealTree:node_modules/fdir Completed in 0ms
567 timing idealTree:node_modules/picomatch Completed in 0ms
568 timing idealTree:node_modules/ts-api-utils Completed in 0ms
569 timing idealTree:node_modules/undici-types Completed in 0ms
570 silly placeDep ROOT punycode@2.3.1 OK for: uri-js@4.4.1 want: ^2.1.0
571 timing idealTree:node_modules/uri-js Completed in 0ms
572 timing idealTree:node_modules/punycode Completed in 0ms
573 timing idealTree:node_modules/v8-compile-cache-lib Completed in 0ms
574 silly placeDep ROOT isexe@2.0.0 OK for: which@2.0.2 want: ^2.0.0
575 timing idealTree:node_modules/which Completed in 1ms
576 timing idealTree:node_modules/isexe Completed in 0ms
577 timing idealTree:node_modules/word-wrap Completed in 0ms
578 timing idealTree:node_modules/yn Completed in 0ms
579 timing idealTree:node_modules/yocto-queue Completed in 0ms
580 timing idealTree:node_modules/@eslint-community/eslint-utils/node_modules/eslint-visitor-keys Completed in 0ms
581 timing idealTree:node_modules/@eslint/eslintrc/node_modules/globals Completed in 0ms
582 timing idealTree:node_modules/@typescript-eslint/eslint-plugin/node_modules/ignore Completed in 0ms
583 silly placeDep node_modules/@typescript-eslint/typescript-estree brace-expansion@2.0.2 OK for: minimatch@9.0.5 want: ^2.0.1
584 timing idealTree:node_modules/@typescript-eslint/typescript-estree/node_modules/minimatch Completed in 0ms
585 timing idealTree:node_modules/@typescript-eslint/typescript-estree/node_modules/brace-expansion Completed in 0ms
586 timing idealTree:buildDeps Completed in 2768ms
587 timing idealTree:fixDepFlags Completed in 1ms
588 timing idealTree Completed in 2774ms
589 timing reify:loadTrees Completed in 2775ms
590 timing reify:diffTrees Completed in 1ms
591 silly reify moves {}
592 timing reify:retireShallow Completed in 1ms
593 timing reify:createSparse Completed in 5ms
594 silly tarball no local data for aws-cdk-lib@https://registry.npmjs.org/aws-cdk-lib/-/aws-cdk-lib-2.233.0.tgz. Extracting by manifest.
595 silly tarball no local data for @aws-cdk/cloud-assembly-schema@https://registry.npmjs.org/@aws-cdk/cloud-assembly-schema/-/cloud-assembly-schema-48.20.0.tgz. Extracting by manifest.
596 http fetch GET 200 https://registry.npmjs.org/@aws-cdk/cloud-assembly-schema/-/cloud-assembly-schema-48.20.0.tgz 393ms (cache miss)
597 timing reifyNode:node_modules/@aws-cdk/cloud-assembly-schema Completed in 395ms
598 http fetch GET 200 https://registry.npmjs.org/aws-cdk-lib/-/aws-cdk-lib-2.233.0.tgz 10425ms (cache miss)
599 timing reifyNode:node_modules/aws-cdk-lib Completed in 10428ms
600 timing arborist:ctor Completed in 0ms
601 timing arborist:ctor Completed in 0ms
602 timing reify:diffTrees Completed in 1ms
603 timing reify:loadBundles Completed in 10443ms
604 silly tarball no local data for @jridgewell/resolve-uri@https://registry.npmjs.org/@jridgewell/resolve-uri/-/resolve-uri-3.1.2.tgz. Extracting by manifest.
605 silly tarball no local data for @jridgewell/sourcemap-codec@https://registry.npmjs.org/@jridgewell/sourcemap-codec/-/sourcemap-codec-1.5.5.tgz. Extracting by manifest.
606 silly tarball no local data for yn@https://registry.npmjs.org/yn/-/yn-3.1.1.tgz. Extracting by manifest.
607 silly tarball no local data for @jridgewell/trace-mapping@https://registry.npmjs.org/@jridgewell/trace-mapping/-/trace-mapping-0.3.9.tgz. Extracting by manifest.
608 silly tarball no local data for make-error@https://registry.npmjs.org/make-error/-/make-error-1.3.6.tgz. Extracting by manifest.
609 silly tarball no local data for diff@https://registry.npmjs.org/diff/-/diff-4.0.2.tgz. Extracting by manifest.
610 silly tarball no local data for arg@https://registry.npmjs.org/arg/-/arg-4.1.3.tgz. Extracting by manifest.
611 silly tarball no local data for create-require@https://registry.npmjs.org/create-require/-/create-require-1.1.1.tgz. Extracting by manifest.
612 silly tarball no local data for @tsconfig/node14@https://registry.npmjs.org/@tsconfig/node14/-/node14-1.0.3.tgz. Extracting by manifest.
613 silly tarball no local data for @tsconfig/node16@https://registry.npmjs.org/@tsconfig/node16/-/node16-1.0.4.tgz. Extracting by manifest.
614 silly tarball no local data for v8-compile-cache-lib@https://registry.npmjs.org/v8-compile-cache-lib/-/v8-compile-cache-lib-3.0.1.tgz. Extracting by manifest.
615 silly tarball no local data for @tsconfig/node10@https://registry.npmjs.org/@tsconfig/node10/-/node10-1.0.12.tgz. Extracting by manifest.
616 silly tarball no local data for @tsconfig/node12@https://registry.npmjs.org/@tsconfig/node12/-/node12-1.0.11.tgz. Extracting by manifest.
617 silly tarball no local data for @cspotcode/source-map-support@https://registry.npmjs.org/@cspotcode/source-map-support/-/source-map-support-0.8.1.tgz. Extracting by manifest.
618 silly tarball no local data for acorn-walk@https://registry.npmjs.org/acorn-walk/-/acorn-walk-8.3.4.tgz. Extracting by manifest.
619 silly tarball no local data for @aws-cdk/asset-awscli-v1@https://registry.npmjs.org/@aws-cdk/asset-awscli-v1/-/asset-awscli-v1-2.2.242.tgz. Extracting by manifest.
620 silly tarball no local data for @types/node@https://registry.npmjs.org/@types/node/-/node-25.0.3.tgz. Extracting by manifest.
621 silly tarball no local data for undici-types@https://registry.npmjs.org/undici-types/-/undici-types-7.16.0.tgz. Extracting by manifest.
622 silly tarball no local data for @aws-cdk/asset-node-proxy-agent-v6@https://registry.npmjs.org/@aws-cdk/asset-node-proxy-agent-v6/-/asset-node-proxy-agent-v6-2.1.0.tgz. Extracting by manifest.
623 silly tarball no local data for fsevents@https://registry.npmjs.org/fsevents/-/fsevents-2.3.2.tgz. Extracting by manifest.
624 silly tarball no local data for ts-node@https://registry.npmjs.org/ts-node/-/ts-node-10.9.2.tgz. Extracting by manifest.
625 silly tarball no local data for constructs@https://registry.npmjs.org/constructs/-/constructs-10.4.4.tgz. Extracting by manifest.
626 silly tarball no local data for aws-cdk@https://registry.npmjs.org/aws-cdk/-/aws-cdk-2.1100.1.tgz. Extracting by manifest.
627 timing reifyNode:node_modules/natural-compare Completed in 147ms
628 timing reifyNode:node_modules/fast-levenshtein Completed in 149ms
629 timing reifyNode:node_modules/is-extglob Completed in 149ms
630 timing reifyNode:node_modules/brace-expansion Completed in 149ms
631 timing reifyNode:node_modules/parent-module Completed in 149ms
632 timing reifyNode:node_modules/resolve-from Completed in 149ms
633 timing reifyNode:node_modules/ms Completed in 150ms
634 timing reifyNode:node_modules/color-name Completed in 150ms
635 timing reifyNode:node_modules/shebang-command Completed in 150ms
636 timing reifyNode:node_modules/imurmurhash Completed in 150ms
637 timing reifyNode:node_modules/glob-parent Completed in 150ms
638 timing reifyNode:node_modules/has-flag Completed in 152ms
639 timing reifyNode:node_modules/yocto-queue Completed in 152ms
640 timing reifyNode:node_modules/word-wrap Completed in 153ms
641 timing reifyNode:node_modules/shebang-regex Completed in 153ms
642 timing reifyNode:node_modules/callsites Completed in 153ms
643 timing reifyNode:node_modules/path-exists Completed in 153ms
644 timing reifyNode:node_modules/p-locate Completed in 153ms
645 timing reifyNode:node_modules/locate-path Completed in 153ms
646 timing reifyNode:node_modules/path-key Completed in 153ms
647 timing reifyNode:node_modules/supports-color Completed in 153ms
648 timing reifyNode:node_modules/strip-json-comments Completed in 153ms
649 timing reifyNode:node_modules/p-limit Completed in 153ms
650 timing reifyNode:node_modules/import-fresh Completed in 153ms
651 timing reifyNode:node_modules/is-glob Completed in 153ms
652 timing reifyNode:node_modules/find-up Completed in 154ms
653 timing reifyNode:node_modules/escape-string-regexp Completed in 154ms
654 timing reifyNode:node_modules/balanced-match Completed in 155ms
655 timing reifyNode:node_modules/esrecurse Completed in 155ms
656 timing reifyNode:node_modules/ansi-styles Completed in 155ms
657 timing reifyNode:node_modules/@types/json-schema Completed in 156ms
658 timing reifyNode:node_modules/file-entry-cache Completed in 156ms
659 timing reifyNode:node_modules/@typescript-eslint/typescript-estree/node_modules/brace-expansion Completed in 159ms
660 timing reifyNode:node_modules/json-buffer Completed in 160ms
661 timing reifyNode:node_modules/which Completed in 160ms
662 timing reifyNode:node_modules/minimatch Completed in 160ms
663 timing reifyNode:node_modules/keyv Completed in 161ms
664 timing reifyNode:node_modules/@types/estree Completed in 162ms
665 timing reifyNode:node_modules/@typescript-eslint/parser Completed in 164ms
666 timing reifyNode:node_modules/type-check Completed in 164ms
667 timing reifyNode:node_modules/lodash.merge Completed in 164ms
668 timing reifyNode:node_modules/acorn-jsx Completed in 164ms
669 timing reifyNode:node_modules/punycode Completed in 166ms
670 timing reifyNode:node_modules/concat-map Completed in 166ms
671 timing reifyNode:node_modules/color-convert Completed in 166ms
672 timing reifyNode:node_modules/levn Completed in 166ms
673 timing reifyNode:node_modules/debug Completed in 166ms
674 timing reifyNode:node_modules/@typescript-eslint/tsconfig-utils Completed in 168ms
675 timing reifyNode:node_modules/@typescript-eslint/project-service Completed in 168ms
676 timing reifyNode:node_modules/flat-cache Completed in 171ms
677 timing reifyNode:node_modules/estraverse Completed in 171ms
678 timing reifyNode:node_modules/isexe Completed in 173ms
679 timing reifyNode:node_modules/@typescript-eslint/visitor-keys Completed in 173ms
680 timing reifyNode:node_modules/deep-is Completed in 173ms
681 timing reifyNode:node_modules/chalk Completed in 178ms
682 timing reifyNode:node_modules/cross-spawn Completed in 179ms
683 timing reifyNode:node_modules/tinyglobby Completed in 180ms
684 timing reifyNode:node_modules/optionator Completed in 179ms
685 timing reifyNode:node_modules/ignore Completed in 180ms
686 timing reifyNode:node_modules/@typescript-eslint/eslint-plugin/node_modules/ignore Completed in 186ms
687 timing reifyNode:node_modules/json-schema-traverse Completed in 185ms
688 http fetch GET 200 https://registry.npmjs.org/create-require/-/create-require-1.1.1.tgz 172ms (cache miss)
689 timing reifyNode:node_modules/create-require Completed in 186ms
690 http fetch GET 200 https://registry.npmjs.org/@tsconfig/node14/-/node14-1.0.3.tgz 173ms (cache miss)
691 timing reifyNode:node_modules/@tsconfig/node14 Completed in 187ms
692 timing reifyNode:node_modules/fdir Completed in 189ms
693 timing reifyNode:node_modules/fast-deep-equal Completed in 189ms
694 http fetch GET 200 https://registry.npmjs.org/@tsconfig/node12/-/node12-1.0.11.tgz 175ms (cache miss)
695 timing reifyNode:node_modules/@tsconfig/node12 Completed in 189ms
696 http fetch GET 200 https://registry.npmjs.org/@tsconfig/node16/-/node16-1.0.4.tgz 178ms (cache miss)
697 timing reifyNode:node_modules/@tsconfig/node16 Completed in 193ms
698 timing reifyNode:node_modules/@humanwhocodes/module-importer Completed in 193ms
699 timing reifyNode:node_modules/@eslint/js Completed in 192ms
700 timing reifyNode:node_modules/@eslint/eslintrc/node_modules/globals Completed in 193ms
701 timing reifyNode:node_modules/eslint-visitor-keys Completed in 194ms
702 timing reifyNode:node_modules/prelude-ls Completed in 195ms
703 http fetch GET 200 https://registry.npmjs.org/acorn-walk/-/acorn-walk-8.3.4.tgz 180ms (cache miss)
704 timing reifyNode:node_modules/esutils Completed in 196ms
705 timing reifyNode:node_modules/typescript-eslint Completed in 195ms
706 timing reifyNode:node_modules/@humanfs/node Completed in 196ms
707 timing reifyNode:node_modules/@eslint-community/eslint-utils/node_modules/eslint-visitor-keys Completed in 197ms
708 timing reifyNode:node_modules/@eslint/core Completed in 198ms
709 timing reifyNode:node_modules/picomatch Completed in 200ms
710 http fetch GET 200 https://registry.npmjs.org/yn/-/yn-3.1.1.tgz 186ms (cache miss)
711 timing reifyNode:node_modules/yn Completed in 200ms
712 http fetch GET 200 https://registry.npmjs.org/@tsconfig/node10/-/node10-1.0.12.tgz 185ms (cache miss)
713 timing reifyNode:node_modules/@tsconfig/node10 Completed in 199ms
714 timing reifyNode:node_modules/acorn-walk Completed in 201ms
715 http fetch GET 200 https://registry.npmjs.org/make-error/-/make-error-1.3.6.tgz 188ms (cache miss)
716 timing reifyNode:node_modules/make-error Completed in 201ms
717 timing reifyNode:node_modules/eslint-config-prettier Completed in 201ms
718 timing reifyNode:node_modules/argparse Completed in 203ms
719 timing reifyNode:node_modules/globals Completed in 205ms
720 timing reifyNode:node_modules/@humanwhocodes/retry Completed in 206ms
721 http fetch GET 200 https://registry.npmjs.org/v8-compile-cache-lib/-/v8-compile-cache-lib-3.0.1.tgz 194ms (cache miss)
722 timing reifyNode:node_modules/v8-compile-cache-lib Completed in 208ms
723 timing reifyNode:node_modules/espree Completed in 208ms
724 timing reifyNode:node_modules/@eslint/object-schema Completed in 209ms
725 timing reifyNode:node_modules/@eslint/config-helpers Completed in 208ms
726 timing reifyNode:node_modules/json-stable-stringify-without-jsonify Completed in 209ms
727 http fetch GET 200 https://registry.npmjs.org/@cspotcode/source-map-support/-/source-map-support-0.8.1.tgz 194ms (cache miss)
728 timing reifyNode:node_modules/@cspotcode/source-map-support Completed in 209ms
729 timing reifyNode:node_modules/@humanfs/core Completed in 214ms
730 timing reifyNode:node_modules/flatted Completed in 214ms
731 timing reifyNode:node_modules/fast-json-stable-stringify Completed in 215ms
732 http fetch GET 200 https://registry.npmjs.org/arg/-/arg-4.1.3.tgz 201ms (cache miss)
733 timing reifyNode:node_modules/arg Completed in 215ms
734 timing reifyNode:node_modules/@typescript-eslint/types Completed in 217ms
735 http fetch GET 200 https://registry.npmjs.org/@jridgewell/resolve-uri/-/resolve-uri-3.1.2.tgz 206ms (cache miss)
736 timing reifyNode:node_modules/@jridgewell/resolve-uri Completed in 218ms
737 timing reifyNode:node_modules/@eslint/plugin-kit Completed in 220ms
738 timing reifyNode:node_modules/eslint-scope Completed in 221ms
739 timing reifyNode:node_modules/ts-api-utils Completed in 226ms
740 http fetch GET 200 https://registry.npmjs.org/@jridgewell/trace-mapping/-/trace-mapping-0.3.9.tgz 221ms (cache miss)
741 timing reifyNode:node_modules/@jridgewell/trace-mapping Completed in 235ms
742 timing reifyNode:node_modules/@eslint-community/regexpp Completed in 233ms
743 timing reifyNode:node_modules/@eslint-community/eslint-utils Completed in 237ms
744 timing reifyNode:node_modules/acorn Completed in 245ms
745 timing reifyNode:node_modules/@eslint/config-array Completed in 248ms
746 http fetch GET 200 https://registry.npmjs.org/@jridgewell/sourcemap-codec/-/sourcemap-codec-1.5.5.tgz 236ms (cache miss)
747 timing reifyNode:node_modules/@jridgewell/sourcemap-codec Completed in 250ms
748 timing reifyNode:node_modules/@typescript-eslint/type-utils Completed in 251ms
749 timing reifyNode:node_modules/semver Completed in 255ms
750 http fetch GET 200 https://registry.npmjs.org/fsevents/-/fsevents-2.3.2.tgz 239ms (cache miss)
751 timing reifyNode:node_modules/fsevents Completed in 254ms
752 timing reifyNode:node_modules/js-yaml Completed in 257ms
753 timing reifyNode:node_modules/esquery Completed in 268ms
754 timing reifyNode:node_modules/uri-js Completed in 271ms
755 timing reifyNode:node_modules/@typescript-eslint/typescript-estree/node_modules/minimatch Completed in 273ms
756 timing reifyNode:node_modules/@eslint/eslintrc Completed in 273ms
757 http fetch GET 200 https://registry.npmjs.org/diff/-/diff-4.0.2.tgz 266ms (cache miss)
758 timing reifyNode:node_modules/diff Completed in 279ms
759 timing reifyNode:node_modules/@typescript-eslint/utils Completed in 281ms
760 timing reifyNode:node_modules/@typescript-eslint/typescript-estree Completed in 282ms
761 timing reifyNode:node_modules/ajv Completed in 290ms
762 http fetch GET 200 https://registry.npmjs.org/constructs/-/constructs-10.4.4.tgz 301ms (cache miss)
763 timing reifyNode:node_modules/constructs Completed in 317ms
764 http fetch GET 200 https://registry.npmjs.org/undici-types/-/undici-types-7.16.0.tgz 308ms (cache miss)
765 timing reifyNode:node_modules/undici-types Completed in 323ms
766 timing reifyNode:node_modules/@typescript-eslint/scope-manager Completed in 332ms
767 timing reifyNode:node_modules/prettier Completed in 361ms
768 timing reifyNode:node_modules/@typescript-eslint/eslint-plugin Completed in 375ms
769 timing reifyNode:node_modules/eslint Completed in 387ms
770 timing reifyNode:node_modules/typescript Completed in 418ms
771 http fetch GET 200 https://registry.npmjs.org/ts-node/-/ts-node-10.9.2.tgz 477ms (cache miss)
772 timing reifyNode:node_modules/ts-node Completed in 492ms
773 http fetch GET 200 https://registry.npmjs.org/@types/node/-/node-25.0.3.tgz 598ms (cache miss)
774 timing reifyNode:node_modules/@types/node Completed in 613ms
775 http fetch GET 200 https://registry.npmjs.org/@aws-cdk/asset-node-proxy-agent-v6/-/asset-node-proxy-agent-v6-2.1.0.tgz 1721ms (cache miss)
776 timing reifyNode:node_modules/@aws-cdk/asset-node-proxy-agent-v6 Completed in 1736ms
777 http fetch GET 200 https://registry.npmjs.org/aws-cdk/-/aws-cdk-2.1100.1.tgz 5626ms (cache miss)
778 timing reifyNode:node_modules/aws-cdk Completed in 5643ms
779 http fetch GET 200 https://registry.npmjs.org/@aws-cdk/asset-awscli-v1/-/asset-awscli-v1-2.2.242.tgz 10987ms (cache miss)
780 timing reifyNode:node_modules/@aws-cdk/asset-awscli-v1 Completed in 11003ms
781 timing reify:unpack Completed in 11005ms
782 timing reify:unretire Completed in 0ms
783 timing build:queue Completed in 7ms
784 timing build:link:node_modules/eslint Completed in 4ms
785 timing build:link:node_modules/@aws-cdk/cloud-assembly-schema/node_modules/semver Completed in 3ms
786 timing build:link:node_modules/acorn Completed in 4ms
787 timing build:link:node_modules/aws-cdk Completed in 4ms
788 timing build:link:node_modules/js-yaml Completed in 4ms
789 timing build:link:node_modules/eslint-config-prettier Completed in 4ms
790 timing build:link:node_modules/aws-cdk-lib/node_modules/semver Completed in 3ms
791 timing build:link:node_modules/semver Completed in 3ms
792 timing build:link:node_modules/prettier Completed in 3ms
793 timing build:link:node_modules/which Completed in 4ms
794 timing build:link:node_modules/ts-node Completed in 4ms
795 timing build:link:node_modules/typescript Completed in 4ms
796 timing build:link Completed in 5ms
797 timing build:deps Completed in 12ms
798 timing build Completed in 12ms
799 timing reify:build Completed in 12ms
800 timing reify:trash Completed in 0ms
801 timing reify:save Completed in 24ms
802 timing reify Completed in 24279ms
803 silly ADD node_modules/isexe
804 silly ADD node_modules/punycode
805 silly ADD node_modules/picomatch
806 silly ADD node_modules/fdir
807 silly ADD node_modules/tinyglobby
808 silly ADD node_modules/semver
809 silly ADD node_modules/@typescript-eslint/tsconfig-utils
810 silly ADD node_modules/@typescript-eslint/project-service
811 silly ADD node_modules/@typescript-eslint/types
812 silly ADD node_modules/ts-api-utils
813 silly ADD node_modules/@typescript-eslint/visitor-keys
814 silly ADD node_modules/@typescript-eslint/type-utils
815 silly ADD node_modules/@typescript-eslint/scope-manager
816 silly ADD node_modules/@typescript-eslint/utils
817 silly ADD node_modules/@typescript-eslint/typescript-estree
818 silly ADD node_modules/@typescript-eslint/typescript-estree/node_modules/brace-expansion
819 silly ADD node_modules/@typescript-eslint/typescript-estree/node_modules/minimatch
820 silly ADD node_modules/@typescript-eslint/parser
821 silly ADD node_modules/@typescript-eslint/eslint-plugin
822 silly ADD node_modules/@typescript-eslint/eslint-plugin/node_modules/ignore
823 silly ADD node_modules/@jridgewell/sourcemap-codec
824 silly ADD node_modules/@jridgewell/resolve-uri
825 silly ADD node_modules/@jridgewell/trace-mapping
826 silly ADD node_modules/yn
827 silly ADD node_modules/v8-compile-cache-lib
828 silly ADD node_modules/make-error
829 silly ADD node_modules/diff
830 silly ADD node_modules/create-require
831 silly ADD node_modules/arg
832 silly ADD node_modules/acorn-walk
833 silly ADD node_modules/@tsconfig/node16
834 silly ADD node_modules/@tsconfig/node14
835 silly ADD node_modules/@tsconfig/node12
836 silly ADD node_modules/@tsconfig/node10
837 silly ADD node_modules/@cspotcode/source-map-support
838 silly ADD node_modules/has-flag
839 silly ADD node_modules/shebang-regex
840 silly ADD node_modules/callsites
841 silly ADD node_modules/yocto-queue
842 silly ADD node_modules/p-limit
843 silly ADD node_modules/word-wrap
844 silly ADD node_modules/fast-levenshtein
845 silly ADD node_modules/deep-is
846 silly ADD node_modules/concat-map
847 silly ADD node_modules/balanced-match
848 silly ADD node_modules/brace-expansion
849 silly ADD node_modules/p-locate
850 silly ADD node_modules/type-check
851 silly ADD node_modules/prelude-ls
852 silly ADD node_modules/json-buffer
853 silly ADD node_modules/argparse
854 silly ADD node_modules/is-extglob
855 silly ADD node_modules/resolve-from
856 silly ADD node_modules/parent-module
857 silly ADD node_modules/keyv
858 silly ADD node_modules/flatted
859 silly ADD node_modules/path-exists
860 silly ADD node_modules/locate-path
861 silly ADD node_modules/flat-cache
862 silly ADD node_modules/acorn-jsx
863 silly ADD node_modules/acorn
864 silly ADD node_modules/estraverse
865 silly ADD node_modules/esrecurse
866 silly ADD node_modules/ms
867 silly ADD node_modules/which
868 silly ADD node_modules/shebang-command
869 silly ADD node_modules/path-key
870 silly ADD node_modules/color-name
871 silly ADD node_modules/color-convert
872 silly ADD node_modules/supports-color
873 silly ADD node_modules/ansi-styles
874 silly ADD node_modules/uri-js
875 silly ADD node_modules/json-schema-traverse
876 silly ADD node_modules/fast-json-stable-stringify
877 silly ADD node_modules/@humanfs/core
878 silly ADD node_modules/levn
879 silly ADD node_modules/strip-json-comments
880 silly ADD node_modules/js-yaml
881 silly ADD node_modules/import-fresh
882 silly ADD node_modules/@types/json-schema
883 silly ADD node_modules/@eslint/object-schema
884 silly ADD node_modules/optionator
885 silly ADD node_modules/natural-compare
886 silly ADD node_modules/minimatch
887 silly ADD node_modules/lodash.merge
888 silly ADD node_modules/json-stable-stringify-without-jsonify
889 silly ADD node_modules/is-glob
890 silly ADD node_modules/imurmurhash
891 silly ADD node_modules/ignore
892 silly ADD node_modules/glob-parent
893 silly ADD node_modules/find-up
894 silly ADD node_modules/file-entry-cache
895 silly ADD node_modules/fast-deep-equal
896 silly ADD node_modules/esutils
897 silly ADD node_modules/esquery
898 silly ADD node_modules/espree
899 silly ADD node_modules/eslint-visitor-keys
900 silly ADD node_modules/eslint-scope
901 silly ADD node_modules/escape-string-regexp
902 silly ADD node_modules/debug
903 silly ADD node_modules/cross-spawn
904 silly ADD node_modules/chalk
905 silly ADD node_modules/ajv
906 silly ADD node_modules/@types/estree
907 silly ADD node_modules/@humanwhocodes/retry
908 silly ADD node_modules/@humanwhocodes/module-importer
909 silly ADD node_modules/@humanfs/node
910 silly ADD node_modules/@eslint/plugin-kit
911 silly ADD node_modules/@eslint/eslintrc
912 silly ADD node_modules/@eslint/eslintrc/node_modules/globals
913 silly ADD node_modules/@eslint/core
914 silly ADD node_modules/@eslint/config-helpers
915 silly ADD node_modules/@eslint/config-array
916 silly ADD node_modules/@eslint-community/regexpp
917 silly ADD node_modules/@eslint-community/eslint-utils
918 silly ADD node_modules/@eslint-community/eslint-utils/node_modules/eslint-visitor-keys
919 silly ADD node_modules/@aws-cdk/cloud-assembly-schema
920 silly ADD node_modules/@aws-cdk/asset-node-proxy-agent-v6
921 silly ADD node_modules/@aws-cdk/asset-awscli-v1
922 silly ADD node_modules/fsevents
923 silly ADD node_modules/undici-types
924 silly ADD node_modules/typescript-eslint
925 silly ADD node_modules/@types/node
926 silly ADD node_modules/typescript
927 silly ADD node_modules/ts-node
928 silly ADD node_modules/prettier
929 silly ADD node_modules/globals
930 silly ADD node_modules/eslint-config-prettier
931 silly ADD node_modules/eslint
932 silly ADD node_modules/constructs
933 silly ADD node_modules/aws-cdk-lib
934 silly ADD node_modules/aws-cdk
935 silly ADD node_modules/@eslint/js
936 timing command:install Completed in 24283ms
937 verbose exit 0
938 timing npm Completed in 24436ms
939 info ok
